🔎 ClickUp Comment Monitor - 2026-03-19 17:12:19 UTC
🔎 ClickUp Comment Monitor
⏰ 2026-03-19 17:12:19 UTC

📡 Getting user info...
❌ Failed to get user info: 401
❌ Could not get user ID

🔎 ClickUp Comment Monitor - 2026-03-19 17:22:19 UTC
🔎 ClickUp Comment Monitor
⏰ 2026-03-19 17:22:19 UTC

📡 Getting user info...
❌ Failed to get user info: 401
❌ Could not get user ID

🔎 ClickUp Comment Monitor - 2026-03-19 17:32:20 UTC
🔎 ClickUp Comment Monitor
⏰ 2026-03-19 17:32:20 UTC

📡 Getting user info...
❌ Failed to get user info: 401
❌ Could not get user ID

🔎 ClickUp Comment Monitor - 2026-03-19 17:42:21 UTC
🔎 ClickUp Comment Monitor
⏰ 2026-03-19 17:42:21 UTC

📡 Getting user info...
❌ Failed to get user info: 401
❌ Could not get user ID

🔎 ClickUp Comment Monitor - 2026-03-19 17:52:21 UTC
🔎 ClickUp Comment Monitor
⏰ 2026-03-19 17:52:21 UTC

📡 Getting user info...
❌ Failed to get user info: 401
❌ Could not get user ID

🔎 ClickUp Comment Monitor - 2026-03-19 18:02:22 UTC
🔎 ClickUp Comment Monitor
⏰ 2026-03-19 18:02:22 UTC

📡 Getting user info...
❌ Failed to get user info: 401
❌ Could not get user ID

🔎 ClickUp Comment Monitor - 2026-03-19 18:12:23 UTC
🔎 ClickUp Comment Monitor
⏰ 2026-03-19 18:12:23 UTC

📡 Getting user info...
❌ Failed to get user info: 401
❌ Could not get user ID

🔎 ClickUp Comment Monitor - 2026-03-19 21:07:39 UTC
🔎 ClickUp Comment Monitor
⏰ 2026-03-19 21:07:42 UTC

📡 Getting user info...
❌ Failed to get user info: 401
❌ Could not get user ID

🔎 ClickUp Comment Monitor - 2026-03-19 21:17:44 UTC
🔎 ClickUp Comment Monitor
⏰ 2026-03-19 21:17:44 UTC

📡 Getting user info...
❌ Failed to get user info: 401
❌ Could not get user ID

🔎 ClickUp Comment Monitor - 2026-03-23 08:59:39 UTC
🔎 ClickUp Comment Monitor
⏰ 2026-03-23 08:59:40 UTC

📡 Getting user info...
❌ Failed to get user info: 401
❌ Could not get user ID

🔎 ClickUp Comment Monitor - 2026-03-23 09:09:41 UTC
🔎 ClickUp Comment Monitor
⏰ 2026-03-23 09:09:41 UTC

📡 Getting user info...
❌ Failed to get user info: 401
❌ Could not get user ID

🔎 ClickUp Comment Monitor - 2026-03-23 09:19:41 UTC
🔎 ClickUp Comment Monitor
⏰ 2026-03-23 09:19:41 UTC

📡 Getting user info...
❌ Failed to get user info: 401
❌ Could not get user ID

🔎 ClickUp Comment Monitor - 2026-03-23 09:29:42 UTC
🔎 ClickUp Comment Monitor
⏰ 2026-03-23 09:29:42 UTC

📡 Getting user info...
❌ Failed to get user info: 401
❌ Could not get user ID

🔎 ClickUp Comment Monitor - 2026-03-23 09:39:42 UTC
🔎 ClickUp Comment Monitor
⏰ 2026-03-23 09:39:42 UTC

📡 Getting user info...
❌ Failed to get user info: 401
❌ Could not get user ID

🔎 ClickUp Comment Monitor - 2026-03-23 09:49:43 UTC
🔎 ClickUp Comment Monitor
⏰ 2026-03-23 09:49:43 UTC

📡 Getting user info...
❌ Failed to get user info: 401
❌ Could not get user ID

🔎 ClickUp Comment Monitor - 2026-03-23 09:59:43 UTC
🔎 ClickUp Comment Monitor
⏰ 2026-03-23 09:59:44 UTC

📡 Getting user info...
❌ Failed to get user info: 401
❌ Could not get user ID

🔎 ClickUp Comment Monitor - 2026-03-23 10:09:44 UTC
🔎 ClickUp Comment Monitor
⏰ 2026-03-23 10:09:44 UTC

📡 Getting user info...
❌ Failed to get user info: 401
❌ Could not get user ID

🔎 ClickUp Comment Monitor - 2026-03-23 10:19:45 UTC
🔎 ClickUp Comment Monitor
⏰ 2026-03-23 10:19:45 UTC

📡 Getting user info...
❌ Failed to get user info: 401
❌ Could not get user ID

🔎 ClickUp Comment Monitor - 2026-03-23 10:29:45 UTC
🔎 ClickUp Comment Monitor
⏰ 2026-03-23 10:29:45 UTC

📡 Getting user info...
❌ Failed to get user info: 401
❌ Could not get user ID

🔎 ClickUp Comment Monitor - 2026-03-23 10:39:46 UTC
🔎 ClickUp Comment Monitor
⏰ 2026-03-23 10:39:46 UTC

📡 Getting user info...
❌ Failed to get user info: 401
❌ Could not get user ID

🔎 ClickUp Comment Monitor - 2026-03-23 10:49:46 UTC
🔎 ClickUp Comment Monitor
⏰ 2026-03-23 10:49:46 UTC

📡 Getting user info...
❌ Failed to get user info: 401
❌ Could not get user ID

🔎 ClickUp Comment Monitor - 2026-03-23 10:59:47 UTC
🔎 ClickUp Comment Monitor
⏰ 2026-03-23 10:59:47 UTC

📡 Getting user info...
❌ Failed to get user info: 401
❌ Could not get user ID

🔎 ClickUp Comment Monitor - 2026-03-23 11:11:41 UTC
🔎 ClickUp Comment Monitor
⏰ 2026-03-23 11:11:42 UTC

📡 Getting user info...
❌ Failed to get user info: 401
❌ Could not get user ID

🔎 ClickUp Comment Monitor - 2026-03-23 11:21:42 UTC
🔎 ClickUp Comment Monitor
⏰ 2026-03-23 11:21:42 UTC

📡 Getting user info...
❌ Failed to get user info: 401
❌ Could not get user ID

🔎 ClickUp Comment Monitor - 2026-03-23 11:31:43 UTC
🔎 ClickUp Comment Monitor
⏰ 2026-03-23 11:31:44 UTC

📡 Getting user info...
❌ Failed to get user info: 401
❌ Could not get user ID

🔎 ClickUp Comment Monitor - 2026-03-23 11:41:45 UTC
🔎 ClickUp Comment Monitor
⏰ 2026-03-23 11:41:45 UTC

📡 Getting user info...
❌ Failed to get user info: 401
❌ Could not get user ID

🔎 ClickUp Comment Monitor - 2026-03-23 11:51:45 UTC
🔎 ClickUp Comment Monitor
⏰ 2026-03-23 11:51:46 UTC

📡 Getting user info...
❌ Failed to get user info: 401
❌ Could not get user ID

🔎 ClickUp Comment Monitor - 2026-03-23 12:01:46 UTC
🔎 ClickUp Comment Monitor
⏰ 2026-03-23 12:01:46 UTC

📡 Getting user info...
❌ Failed to get user info: 401
❌ Could not get user ID

🔎 ClickUp Comment Monitor - 2026-03-23 12:11:47 UTC
🔎 ClickUp Comment Monitor
⏰ 2026-03-23 12:11:47 UTC

📡 Getting user info...
❌ Failed to get user info: 401
❌ Could not get user ID

🔎 ClickUp Comment Monitor - 2026-03-23 12:21:47 UTC
🔎 ClickUp Comment Monitor
⏰ 2026-03-23 12:21:47 UTC

📡 Getting user info...
❌ Failed to get user info: 401
❌ Could not get user ID

🔎 ClickUp Comment Monitor - 2026-03-23 12:31:48 UTC
🔎 ClickUp Comment Monitor
⏰ 2026-03-23 12:31:48 UTC

📡 Getting user info...
❌ Failed to get user info: 401
❌ Could not get user ID

🔎 ClickUp Comment Monitor - 2026-03-23 12:41:48 UTC
🔎 ClickUp Comment Monitor
⏰ 2026-03-23 12:41:48 UTC

📡 Getting user info...
❌ Failed to get user info: 401
❌ Could not get user ID

🔎 ClickUp Comment Monitor - 2026-03-23 12:51:53 UTC
🔎 ClickUp Comment Monitor
⏰ 2026-03-23 12:51:53 UTC

📡 Getting user info...
❌ Failed to get user info: 401
❌ Could not get user ID

🔎 ClickUp Comment Monitor - 2026-03-23 13:01:53 UTC
🔎 ClickUp Comment Monitor
⏰ 2026-03-23 13:01:53 UTC

📡 Getting user info...
❌ Failed to get user info: 401
❌ Could not get user ID

🔎 ClickUp Comment Monitor - 2026-03-23 13:11:54 UTC
🔎 ClickUp Comment Monitor
⏰ 2026-03-23 13:11:55 UTC

📡 Getting user info...
❌ Failed to get user info: 401
❌ Could not get user ID

🔎 ClickUp Comment Monitor - 2026-03-23 13:21:56 UTC
🔎 ClickUp Comment Monitor
⏰ 2026-03-23 13:21:56 UTC

📡 Getting user info...
❌ Failed to get user info: 401
❌ Could not get user ID

🔎 ClickUp Comment Monitor - 2026-03-23 14:36:40 UTC
🔎 ClickUp Comment Monitor
⏰ 2026-03-23 14:36:41 UTC

📡 Getting user info...
❌ Failed to get user info: 401
❌ Could not get user ID

🔎 ClickUp Comment Monitor - 2026-03-23 14:46:42 UTC
🔎 ClickUp Comment Monitor
⏰ 2026-03-23 14:46:42 UTC

📡 Getting user info...
❌ Failed to get user info: 401
❌ Could not get user ID

🔎 ClickUp Comment Monitor - 2026-03-23 14:56:43 UTC
🔎 ClickUp Comment Monitor
⏰ 2026-03-23 14:56:43 UTC

📡 Getting user info...
❌ Failed to get user info: 401
❌ Could not get user ID

🔎 ClickUp Comment Monitor - 2026-03-23 15:06:44 UTC
🔎 ClickUp Comment Monitor
⏰ 2026-03-23 15:06:44 UTC

📡 Getting user info...
❌ Failed to get user info: 401
❌ Could not get user ID

🔎 ClickUp Comment Monitor - 2026-03-23 15:16:45 UTC
🔎 ClickUp Comment Monitor
⏰ 2026-03-23 15:16:45 UTC

📡 Getting user info...
❌ Failed to get user info: 401
❌ Could not get user ID

🔎 ClickUp Comment Monitor - 2026-03-23 15:26:45 UTC
🔎 ClickUp Comment Monitor
⏰ 2026-03-23 15:26:45 UTC

📡 Getting user info...
❌ Failed to get user info: 401
❌ Could not get user ID

🔎 ClickUp Comment Monitor - 2026-03-23 15:36:46 UTC
🔎 ClickUp Comment Monitor
⏰ 2026-03-23 15:36:46 UTC

📡 Getting user info...
❌ Failed to get user info: 401
❌ Could not get user ID

🔎 ClickUp Comment Monitor - 2026-03-23 15:46:46 UTC
🔎 ClickUp Comment Monitor
⏰ 2026-03-23 15:46:47 UTC

📡 Getting user info...
❌ Failed to get user info: 401
❌ Could not get user ID

🔎 ClickUp Comment Monitor - 2026-03-23 15:56:47 UTC
🔎 ClickUp Comment Monitor
⏰ 2026-03-23 15:56:47 UTC

📡 Getting user info...
❌ Failed to get user info: 401
❌ Could not get user ID

🔎 ClickUp Comment Monitor - 2026-03-23 16:06:47 UTC
🔎 ClickUp Comment Monitor
⏰ 2026-03-23 16:06:48 UTC

📡 Getting user info...
❌ Failed to get user info: 401
❌ Could not get user ID

🔎 ClickUp Comment Monitor - 2026-03-23 16:16:48 UTC
🔎 ClickUp Comment Monitor
⏰ 2026-03-23 16:16:48 UTC

📡 Getting user info...
❌ Failed to get user info: 401
❌ Could not get user ID

🔎 ClickUp Comment Monitor - 2026-03-23 16:26:49 UTC
🔎 ClickUp Comment Monitor
⏰ 2026-03-23 16:26:49 UTC

📡 Getting user info...
❌ Failed to get user info: 401
❌ Could not get user ID

🔎 ClickUp Comment Monitor - 2026-03-23 16:36:50 UTC
🔎 ClickUp Comment Monitor
⏰ 2026-03-23 16:36:50 UTC

📡 Getting user info...
❌ Failed to get user info: 401
❌ Could not get user ID

🔎 ClickUp Comment Monitor - 2026-03-23 16:46:50 UTC
🔎 ClickUp Comment Monitor
⏰ 2026-03-23 16:46:50 UTC

📡 Getting user info...
❌ Failed to get user info: 401
❌ Could not get user ID

🔎 ClickUp Comment Monitor - 2026-03-23 16:56:51 UTC
🔎 ClickUp Comment Monitor
⏰ 2026-03-23 16:56:51 UTC

📡 Getting user info...
❌ Failed to get user info: 401
❌ Could not get user ID

🔎 ClickUp Comment Monitor - 2026-03-23 17:06:53 UTC
🔎 ClickUp Comment Monitor
⏰ 2026-03-23 17:06:53 UTC

📡 Getting user info...
❌ Failed to get user info: 401
❌ Could not get user ID

🔎 ClickUp Comment Monitor - 2026-03-23 17:16:53 UTC
🔎 ClickUp Comment Monitor
⏰ 2026-03-23 17:16:53 UTC

📡 Getting user info...
❌ Failed to get user info: 401
❌ Could not get user ID

🔎 ClickUp Comment Monitor - 2026-03-23 17:26:54 UTC
🔎 ClickUp Comment Monitor
⏰ 2026-03-23 17:26:54 UTC

📡 Getting user info...
❌ Failed to get user info: 401
❌ Could not get user ID

🔎 ClickUp Comment Monitor - 2026-03-23 17:36:54 UTC
🔎 ClickUp Comment Monitor
⏰ 2026-03-23 17:36:55 UTC

📡 Getting user info...
❌ Failed to get user info: 401
❌ Could not get user ID

🔎 ClickUp Comment Monitor - 2026-03-23 17:46:55 UTC
🔎 ClickUp Comment Monitor
⏰ 2026-03-23 17:46:55 UTC

📡 Getting user info...
❌ Failed to get user info: 401
❌ Could not get user ID

🔎 ClickUp Comment Monitor - 2026-03-23 17:56:56 UTC
🔎 ClickUp Comment Monitor
⏰ 2026-03-23 17:56:56 UTC

📡 Getting user info...
❌ Failed to get user info: 401
❌ Could not get user ID

🔎 ClickUp Comment Monitor - 2026-03-23 20:40:58 UTC
🔎 ClickUp Comment Monitor
⏰ 2026-03-23 20:40:58 UTC

📡 Getting user info...
❌ Failed to get user info: 401
❌ Could not get user ID

🔎 ClickUp Comment Monitor - 2026-03-24 09:01:03 UTC
🔎 ClickUp Comment Monitor
⏰ 2026-03-24 09:01:06 UTC

📡 Getting user info...
❌ Failed to get user info: 401
❌ Could not get user ID

🔎 ClickUp Comment Monitor - 2026-03-24 09:11:07 UTC
🔎 ClickUp Comment Monitor
⏰ 2026-03-24 09:11:07 UTC

📡 Getting user info...
❌ Failed to get user info: 401
❌ Could not get user ID

🔎 ClickUp Comment Monitor - 2026-03-24 09:21:08 UTC
🔎 ClickUp Comment Monitor
⏰ 2026-03-24 09:21:08 UTC

📡 Getting user info...
❌ Failed to get user info: 401
❌ Could not get user ID

🔎 ClickUp Comment Monitor - 2026-03-24 09:31:08 UTC
🔎 ClickUp Comment Monitor
⏰ 2026-03-24 09:31:09 UTC

📡 Getting user info...
❌ Failed to get user info: 401
❌ Could not get user ID

🔎 ClickUp Comment Monitor - 2026-03-24 09:41:09 UTC
🔎 ClickUp Comment Monitor
⏰ 2026-03-24 09:41:09 UTC

📡 Getting user info...
❌ Failed to get user info: 401
❌ Could not get user ID

🔎 ClickUp Comment Monitor - 2026-03-24 09:51:10 UTC
🔎 ClickUp Comment Monitor
⏰ 2026-03-24 09:51:10 UTC

📡 Getting user info...
❌ Failed to get user info: 401
❌ Could not get user ID

🔎 ClickUp Comment Monitor - 2026-03-24 10:01:10 UTC
🔎 ClickUp Comment Monitor
⏰ 2026-03-24 10:01:10 UTC

📡 Getting user info...
❌ Failed to get user info: 401
❌ Could not get user ID

🔎 ClickUp Comment Monitor - 2026-03-24 10:11:11 UTC
🔎 ClickUp Comment Monitor
⏰ 2026-03-24 10:11:11 UTC

📡 Getting user info...
❌ Failed to get user info: 401
❌ Could not get user ID

🔎 ClickUp Comment Monitor - 2026-03-24 10:21:11 UTC
🔎 ClickUp Comment Monitor
⏰ 2026-03-24 10:21:11 UTC

📡 Getting user info...
❌ Failed to get user info: 401
❌ Could not get user ID

🔎 ClickUp Comment Monitor - 2026-03-24 10:31:13 UTC
🔎 ClickUp Comment Monitor
⏰ 2026-03-24 10:31:13 UTC

📡 Getting user info...
❌ Failed to get user info: 401
❌ Could not get user ID

🔎 ClickUp Comment Monitor - 2026-03-24 10:41:13 UTC
🔎 ClickUp Comment Monitor
⏰ 2026-03-24 10:41:14 UTC

📡 Getting user info...
❌ Failed to get user info: 401
❌ Could not get user ID

🔎 ClickUp Comment Monitor - 2026-03-24 10:51:14 UTC
🔎 ClickUp Comment Monitor
⏰ 2026-03-24 10:51:14 UTC

📡 Getting user info...
❌ Failed to get user info: 401
❌ Could not get user ID

🔎 ClickUp Comment Monitor - 2026-03-24 11:01:14 UTC
🔎 ClickUp Comment Monitor
⏰ 2026-03-24 11:01:14 UTC

📡 Getting user info...
❌ Failed to get user info: 401
❌ Could not get user ID

🔎 ClickUp Comment Monitor - 2026-03-24 11:11:15 UTC
🔎 ClickUp Comment Monitor
⏰ 2026-03-24 11:11:15 UTC

📡 Getting user info...
❌ Failed to get user info: 401
❌ Could not get user ID

🔎 ClickUp Comment Monitor - 2026-03-24 11:21:15 UTC
🔎 ClickUp Comment Monitor
⏰ 2026-03-24 11:21:15 UTC

📡 Getting user info...
❌ Failed to get user info: 401
❌ Could not get user ID

🔎 ClickUp Comment Monitor - 2026-03-24 11:31:16 UTC
🔎 ClickUp Comment Monitor
⏰ 2026-03-24 11:31:16 UTC

📡 Getting user info...
❌ Failed to get user info: 401
❌ Could not get user ID

🔎 ClickUp Comment Monitor - 2026-03-24 11:41:17 UTC
🔎 ClickUp Comment Monitor
⏰ 2026-03-24 11:41:17 UTC

📡 Getting user info...
❌ Failed to get user info: 401
❌ Could not get user ID

🔎 ClickUp Comment Monitor - 2026-03-24 11:51:17 UTC
🔎 ClickUp Comment Monitor
⏰ 2026-03-24 11:51:18 UTC

📡 Getting user info...
❌ Failed to get user info: 401
❌ Could not get user ID

🔎 ClickUp Comment Monitor - 2026-03-24 12:01:18 UTC
🔎 ClickUp Comment Monitor
⏰ 2026-03-24 12:01:18 UTC

📡 Getting user info...
❌ Failed to get user info: 401
❌ Could not get user ID

🔎 ClickUp Comment Monitor - 2026-03-24 12:11:19 UTC
🔎 ClickUp Comment Monitor
⏰ 2026-03-24 12:11:19 UTC

📡 Getting user info...
❌ Failed to get user info: 401
❌ Could not get user ID

🔎 ClickUp Comment Monitor - 2026-03-24 12:21:19 UTC
🔎 ClickUp Comment Monitor
⏰ 2026-03-24 12:21:19 UTC

📡 Getting user info...
❌ Failed to get user info: 401
❌ Could not get user ID

🔎 ClickUp Comment Monitor - 2026-03-24 12:31:20 UTC
🔎 ClickUp Comment Monitor
⏰ 2026-03-24 12:31:20 UTC

📡 Getting user info...
❌ Failed to get user info: 401
❌ Could not get user ID

🔎 ClickUp Comment Monitor - 2026-03-24 12:41:20 UTC
🔎 ClickUp Comment Monitor
⏰ 2026-03-24 12:41:20 UTC

📡 Getting user info...
❌ Failed to get user info: 401
❌ Could not get user ID

🔎 ClickUp Comment Monitor - 2026-03-24 12:51:21 UTC
🔎 ClickUp Comment Monitor
⏰ 2026-03-24 12:51:21 UTC

📡 Getting user info...
❌ Failed to get user info: 401
❌ Could not get user ID

🔎 ClickUp Comment Monitor - 2026-03-24 13:02:58 UTC
🔎 ClickUp Comment Monitor
⏰ 2026-03-24 13:02:58 UTC

📡 Getting user info...
❌ Failed to get user info: 401
❌ Could not get user ID

🔎 ClickUp Comment Monitor - 2026-03-24 13:12:58 UTC
🔎 ClickUp Comment Monitor
⏰ 2026-03-24 13:12:58 UTC

📡 Getting user info...
❌ Failed to get user info: 401
❌ Could not get user ID

🔎 ClickUp Comment Monitor - 2026-03-24 13:22:59 UTC
🔎 ClickUp Comment Monitor
⏰ 2026-03-24 13:22:59 UTC

📡 Getting user info...
❌ Failed to get user info: 401
❌ Could not get user ID

🔎 ClickUp Comment Monitor - 2026-03-24 14:34:24 UTC
🔎 ClickUp Comment Monitor
⏰ 2026-03-24 14:34:29 UTC

📡 Getting user info...
❌ Failed to get user info: 401
❌ Could not get user ID

🔎 ClickUp Comment Monitor - 2026-03-24 14:44:32 UTC
🔎 ClickUp Comment Monitor
⏰ 2026-03-24 14:44:32 UTC

📡 Getting user info...
❌ Failed to get user info: 401
❌ Could not get user ID

🔎 ClickUp Comment Monitor - 2026-03-24 14:54:32 UTC
🔎 ClickUp Comment Monitor
⏰ 2026-03-24 14:54:33 UTC

📡 Getting user info...
❌ Failed to get user info: 401
❌ Could not get user ID

🔎 ClickUp Comment Monitor - 2026-03-24 15:04:33 UTC
🔎 ClickUp Comment Monitor
⏰ 2026-03-24 15:04:33 UTC

📡 Getting user info...
❌ Failed to get user info: 401
❌ Could not get user ID

🔎 ClickUp Comment Monitor - 2026-03-24 15:14:33 UTC
🔎 ClickUp Comment Monitor
⏰ 2026-03-24 15:14:34 UTC

📡 Getting user info...
❌ Failed to get user info: 401
❌ Could not get user ID

🔎 ClickUp Comment Monitor - 2026-03-24 15:24:34 UTC
🔎 ClickUp Comment Monitor
⏰ 2026-03-24 15:24:34 UTC

📡 Getting user info...
❌ Failed to get user info: 401
❌ Could not get user ID

🔎 ClickUp Comment Monitor - 2026-03-24 15:34:35 UTC
🔎 ClickUp Comment Monitor
⏰ 2026-03-24 15:34:35 UTC

📡 Getting user info...
❌ Failed to get user info: 401
❌ Could not get user ID

🔎 ClickUp Comment Monitor - 2026-03-24 15:44:35 UTC
🔎 ClickUp Comment Monitor
⏰ 2026-03-24 15:44:35 UTC

📡 Getting user info...
❌ Failed to get user info: 401
❌ Could not get user ID

🔎 ClickUp Comment Monitor - 2026-03-24 15:54:36 UTC
🔎 ClickUp Comment Monitor
⏰ 2026-03-24 15:54:36 UTC

📡 Getting user info...
❌ Failed to get user info: 401
❌ Could not get user ID

🔎 ClickUp Comment Monitor - 2026-03-24 16:04:36 UTC
🔎 ClickUp Comment Monitor
⏰ 2026-03-24 16:04:36 UTC

📡 Getting user info...
❌ Failed to get user info: 401
❌ Could not get user ID

🔎 ClickUp Comment Monitor - 2026-03-24 16:14:37 UTC
🔎 ClickUp Comment Monitor
⏰ 2026-03-24 16:14:37 UTC

📡 Getting user info...
❌ Failed to get user info: 401
❌ Could not get user ID

🔎 ClickUp Comment Monitor - 2026-03-24 16:24:37 UTC
🔎 ClickUp Comment Monitor
⏰ 2026-03-24 16:24:37 UTC

📡 Getting user info...
❌ Failed to get user info: 401
❌ Could not get user ID

🔎 ClickUp Comment Monitor - 2026-03-24 16:34:38 UTC
🔎 ClickUp Comment Monitor
⏰ 2026-03-24 16:34:38 UTC

📡 Getting user info...
❌ Failed to get user info: 401
❌ Could not get user ID

🔎 ClickUp Comment Monitor - 2026-03-24 16:44:38 UTC
🔎 ClickUp Comment Monitor
⏰ 2026-03-24 16:44:38 UTC

📡 Getting user info...
❌ Failed to get user info: 401
❌ Could not get user ID

🔎 ClickUp Comment Monitor - 2026-03-24 16:54:39 UTC
🔎 ClickUp Comment Monitor
⏰ 2026-03-24 16:54:39 UTC

📡 Getting user info...
❌ Failed to get user info: 401
❌ Could not get user ID

🔎 ClickUp Comment Monitor - 2026-03-24 17:04:39 UTC
🔎 ClickUp Comment Monitor
⏰ 2026-03-24 17:04:39 UTC

📡 Getting user info...
❌ Failed to get user info: 401
❌ Could not get user ID

🔎 ClickUp Comment Monitor - 2026-03-24 17:14:40 UTC
🔎 ClickUp Comment Monitor
⏰ 2026-03-24 17:14:40 UTC

📡 Getting user info...
❌ Failed to get user info: 401
❌ Could not get user ID

🔎 ClickUp Comment Monitor - 2026-03-24 17:24:40 UTC
🔎 ClickUp Comment Monitor
⏰ 2026-03-24 17:24:40 UTC

📡 Getting user info...
❌ Failed to get user info: 401
❌ Could not get user ID

🔎 ClickUp Comment Monitor - 2026-03-24 17:34:56 UTC
🔎 ClickUp Comment Monitor
⏰ 2026-03-24 17:34:56 UTC

📡 Getting user info...
❌ Failed to get user info: 401
❌ Could not get user ID

🔎 ClickUp Comment Monitor - 2026-03-24 17:44:56 UTC
🔎 ClickUp Comment Monitor
⏰ 2026-03-24 17:44:56 UTC

📡 Getting user info...
❌ Failed to get user info: 401
❌ Could not get user ID

🔎 ClickUp Comment Monitor - 2026-03-24 17:54:57 UTC
🔎 ClickUp Comment Monitor
⏰ 2026-03-24 17:54:57 UTC

📡 Getting user info...
❌ Failed to get user info: 401
❌ Could not get user ID

🔎 ClickUp Comment Monitor - 2026-03-25 09:00:59 UTC
🔎 ClickUp Comment Monitor
⏰ 2026-03-25 09:01:00 UTC

📡 Getting user info...
❌ Failed to get user info: 401
❌ Could not get user ID

🔎 ClickUp Comment Monitor - 2026-03-25 09:11:01 UTC
🔎 ClickUp Comment Monitor
⏰ 2026-03-25 09:11:01 UTC

📡 Getting user info...
❌ Failed to get user info: 401
❌ Could not get user ID

🔎 ClickUp Comment Monitor - 2026-03-25 09:21:01 UTC
🔎 ClickUp Comment Monitor
⏰ 2026-03-25 09:21:01 UTC

📡 Getting user info...
❌ Failed to get user info: 401
❌ Could not get user ID

🔎 ClickUp Comment Monitor - 2026-03-25 09:31:01 UTC
🔎 ClickUp Comment Monitor
⏰ 2026-03-25 09:31:02 UTC

📡 Getting user info...
❌ Failed to get user info: 401
❌ Could not get user ID

🔎 ClickUp Comment Monitor - 2026-03-25 09:41:02 UTC
🔎 ClickUp Comment Monitor
⏰ 2026-03-25 09:41:02 UTC

📡 Getting user info...
❌ Failed to get user info: 401
❌ Could not get user ID

🔎 ClickUp Comment Monitor - 2026-03-25 09:51:02 UTC
🔎 ClickUp Comment Monitor
⏰ 2026-03-25 09:51:03 UTC

📡 Getting user info...
❌ Failed to get user info: 401
❌ Could not get user ID

🔎 ClickUp Comment Monitor - 2026-03-25 10:01:03 UTC
🔎 ClickUp Comment Monitor
⏰ 2026-03-25 10:01:03 UTC

📡 Getting user info...
❌ Failed to get user info: 401
❌ Could not get user ID

🔎 ClickUp Comment Monitor - 2026-03-25 10:11:04 UTC
🔎 ClickUp Comment Monitor
⏰ 2026-03-25 10:11:04 UTC

📡 Getting user info...
❌ Failed to get user info: 401
❌ Could not get user ID

🔎 ClickUp Comment Monitor - 2026-03-25 10:21:04 UTC
🔎 ClickUp Comment Monitor
⏰ 2026-03-25 10:21:04 UTC

📡 Getting user info...
❌ Failed to get user info: 401
❌ Could not get user ID

🔎 ClickUp Comment Monitor - 2026-03-25 10:31:05 UTC
🔎 ClickUp Comment Monitor
⏰ 2026-03-25 10:31:05 UTC

📡 Getting user info...
❌ Failed to get user info: 401
❌ Could not get user ID

🔎 ClickUp Comment Monitor - 2026-03-25 10:41:05 UTC
🔎 ClickUp Comment Monitor
⏰ 2026-03-25 10:41:05 UTC

📡 Getting user info...
❌ Failed to get user info: 401
❌ Could not get user ID

🔎 ClickUp Comment Monitor - 2026-03-25 10:51:06 UTC
🔎 ClickUp Comment Monitor
⏰ 2026-03-25 10:51:06 UTC

📡 Getting user info...
❌ Failed to get user info: 401
❌ Could not get user ID

🔎 ClickUp Comment Monitor - 2026-03-25 11:01:06 UTC
🔎 ClickUp Comment Monitor
⏰ 2026-03-25 11:01:06 UTC

📡 Getting user info...
❌ Failed to get user info: 401
❌ Could not get user ID

🔎 ClickUp Comment Monitor - 2026-03-25 11:11:07 UTC
🔎 ClickUp Comment Monitor
⏰ 2026-03-25 11:11:07 UTC

📡 Getting user info...
❌ Failed to get user info: 401
❌ Could not get user ID

🔎 ClickUp Comment Monitor - 2026-03-25 11:21:07 UTC
🔎 ClickUp Comment Monitor
⏰ 2026-03-25 11:21:07 UTC

📡 Getting user info...
❌ Failed to get user info: 401
❌ Could not get user ID

🔎 ClickUp Comment Monitor - 2026-03-25 11:31:08 UTC
🔎 ClickUp Comment Monitor
⏰ 2026-03-25 11:31:08 UTC

📡 Getting user info...
❌ Failed to get user info: 401
❌ Could not get user ID

🔎 ClickUp Comment Monitor - 2026-03-25 11:41:08 UTC
🔎 ClickUp Comment Monitor
⏰ 2026-03-25 11:41:08 UTC

📡 Getting user info...
❌ Failed to get user info: 401
❌ Could not get user ID

🔎 ClickUp Comment Monitor - 2026-03-25 11:51:09 UTC
🔎 ClickUp Comment Monitor
⏰ 2026-03-25 11:51:09 UTC

📡 Getting user info...
❌ Failed to get user info: 401
❌ Could not get user ID

🔎 ClickUp Comment Monitor - 2026-03-25 12:01:09 UTC
🔎 ClickUp Comment Monitor
⏰ 2026-03-25 12:01:09 UTC

📡 Getting user info...
❌ Failed to get user info: 401
❌ Could not get user ID

🔎 ClickUp Comment Monitor - 2026-03-25 12:11:10 UTC
🔎 ClickUp Comment Monitor
⏰ 2026-03-25 12:11:10 UTC

📡 Getting user info...
❌ Failed to get user info: 401
❌ Could not get user ID

🔎 ClickUp Comment Monitor - 2026-03-25 12:21:10 UTC
🔎 ClickUp Comment Monitor
⏰ 2026-03-25 12:21:10 UTC

📡 Getting user info...
❌ Failed to get user info: 401
❌ Could not get user ID

🔎 ClickUp Comment Monitor - 2026-03-25 12:31:11 UTC
🔎 ClickUp Comment Monitor
⏰ 2026-03-25 12:31:11 UTC

📡 Getting user info...
❌ Failed to get user info: 401
❌ Could not get user ID

🔎 ClickUp Comment Monitor - 2026-03-25 12:41:11 UTC
🔎 ClickUp Comment Monitor
⏰ 2026-03-25 12:41:12 UTC

📡 Getting user info...
❌ Failed to get user info: 401
❌ Could not get user ID

🔎 ClickUp Comment Monitor - 2026-03-25 12:51:12 UTC
🔎 ClickUp Comment Monitor
⏰ 2026-03-25 12:51:12 UTC

📡 Getting user info...
❌ Failed to get user info: 401
❌ Could not get user ID

🔎 ClickUp Comment Monitor - 2026-03-25 13:01:13 UTC
🔎 ClickUp Comment Monitor
⏰ 2026-03-25 13:01:13 UTC

📡 Getting user info...
❌ Failed to get user info: 401
❌ Could not get user ID

🔎 ClickUp Comment Monitor - 2026-03-25 13:11:13 UTC
🔎 ClickUp Comment Monitor
⏰ 2026-03-25 13:11:13 UTC

📡 Getting user info...
❌ Failed to get user info: 401
❌ Could not get user ID

🔎 ClickUp Comment Monitor - 2026-03-25 13:21:14 UTC
🔎 ClickUp Comment Monitor
⏰ 2026-03-25 13:21:14 UTC

📡 Getting user info...
❌ Failed to get user info: 401
❌ Could not get user ID

🔎 ClickUp Comment Monitor - 2026-03-25 13:31:14 UTC
🔎 ClickUp Comment Monitor
⏰ 2026-03-25 13:31:14 UTC

📡 Getting user info...
❌ Failed to get user info: 401
❌ Could not get user ID

🔎 ClickUp Comment Monitor - 2026-03-25 14:33:09 UTC
🔎 ClickUp Comment Monitor
⏰ 2026-03-25 14:33:18 UTC

📡 Getting user info...
❌ Failed to get user info: 401
❌ Could not get user ID

🔎 ClickUp Comment Monitor - 2026-03-25 14:43:19 UTC
🔎 ClickUp Comment Monitor
⏰ 2026-03-25 14:43:19 UTC

📡 Getting user info...
❌ Failed to get user info: 401
❌ Could not get user ID

🔎 ClickUp Comment Monitor - 2026-03-25 14:53:20 UTC
🔎 ClickUp Comment Monitor
⏰ 2026-03-25 14:53:20 UTC

📡 Getting user info...
❌ Failed to get user info: 401
❌ Could not get user ID

🔎 ClickUp Comment Monitor - 2026-03-25 15:03:20 UTC
🔎 ClickUp Comment Monitor
⏰ 2026-03-25 15:03:20 UTC

📡 Getting user info...
❌ Failed to get user info: 401
❌ Could not get user ID

🔎 ClickUp Comment Monitor - 2026-03-25 15:13:21 UTC
🔎 ClickUp Comment Monitor
⏰ 2026-03-25 15:13:21 UTC

📡 Getting user info...
❌ Failed to get user info: 401
❌ Could not get user ID

🔎 ClickUp Comment Monitor - 2026-03-25 15:23:21 UTC
🔎 ClickUp Comment Monitor
⏰ 2026-03-25 15:23:21 UTC

📡 Getting user info...
❌ Failed to get user info: 401
❌ Could not get user ID

🔎 ClickUp Comment Monitor - 2026-03-25 15:33:22 UTC
🔎 ClickUp Comment Monitor
⏰ 2026-03-25 15:33:22 UTC

📡 Getting user info...
❌ Failed to get user info: 401
❌ Could not get user ID

🔎 ClickUp Comment Monitor - 2026-03-25 15:43:28 UTC
🔎 ClickUp Comment Monitor
⏰ 2026-03-25 15:43:28 UTC

📡 Getting user info...
❌ Failed to get user info: 401
❌ Could not get user ID

🔎 ClickUp Comment Monitor - 2026-03-25 15:53:28 UTC
🔎 ClickUp Comment Monitor
⏰ 2026-03-25 15:53:29 UTC

📡 Getting user info...
❌ Failed to get user info: 401
❌ Could not get user ID

🔎 ClickUp Comment Monitor - 2026-03-25 16:03:29 UTC
🔎 ClickUp Comment Monitor
⏰ 2026-03-25 16:03:29 UTC

📡 Getting user info...
❌ Failed to get user info: 401
❌ Could not get user ID

🔎 ClickUp Comment Monitor - 2026-03-25 16:13:30 UTC
🔎 ClickUp Comment Monitor
⏰ 2026-03-25 16:13:30 UTC

📡 Getting user info...
❌ Failed to get user info: 401
❌ Could not get user ID

🔎 ClickUp Comment Monitor - 2026-03-25 16:23:30 UTC
🔎 ClickUp Comment Monitor
⏰ 2026-03-25 16:23:31 UTC

📡 Getting user info...
❌ Failed to get user info: 401
❌ Could not get user ID

🔎 ClickUp Comment Monitor - 2026-03-25 16:33:32 UTC
🔎 ClickUp Comment Monitor
⏰ 2026-03-25 16:33:32 UTC

📡 Getting user info...
❌ Failed to get user info: 401
❌ Could not get user ID

🔎 ClickUp Comment Monitor - 2026-03-25 16:43:32 UTC
🔎 ClickUp Comment Monitor
⏰ 2026-03-25 16:43:32 UTC

📡 Getting user info...
❌ Failed to get user info: 401
❌ Could not get user ID

🔎 ClickUp Comment Monitor - 2026-03-25 16:53:33 UTC
🔎 ClickUp Comment Monitor
⏰ 2026-03-25 16:53:33 UTC

📡 Getting user info...
❌ Failed to get user info: 401
❌ Could not get user ID

🔎 ClickUp Comment Monitor - 2026-03-25 17:03:33 UTC
🔎 ClickUp Comment Monitor
⏰ 2026-03-25 17:03:33 UTC

📡 Getting user info...
❌ Failed to get user info: 401
❌ Could not get user ID

🔎 ClickUp Comment Monitor - 2026-03-25 17:13:34 UTC
🔎 ClickUp Comment Monitor
⏰ 2026-03-25 17:13:34 UTC

📡 Getting user info...
❌ Failed to get user info: 401
❌ Could not get user ID

🔎 ClickUp Comment Monitor - 2026-03-25 17:23:34 UTC
🔎 ClickUp Comment Monitor
⏰ 2026-03-25 17:23:34 UTC

📡 Getting user info...
❌ Failed to get user info: 401
❌ Could not get user ID

🔎 ClickUp Comment Monitor - 2026-03-25 17:33:35 UTC
🔎 ClickUp Comment Monitor
⏰ 2026-03-25 17:33:35 UTC

📡 Getting user info...
❌ Failed to get user info: 401
❌ Could not get user ID

🔎 ClickUp Comment Monitor - 2026-03-25 17:43:35 UTC
🔎 ClickUp Comment Monitor
⏰ 2026-03-25 17:43:35 UTC

📡 Getting user info...
❌ Failed to get user info: 401
❌ Could not get user ID

🔎 ClickUp Comment Monitor - 2026-03-25 17:53:36 UTC
🔎 ClickUp Comment Monitor
⏰ 2026-03-25 17:53:36 UTC

📡 Getting user info...
❌ Failed to get user info: 401
❌ Could not get user ID

🔎 ClickUp Comment Monitor - 2026-03-26 09:12:04 UTC
🔎 ClickUp Comment Monitor
⏰ 2026-03-26 09:12:05 UTC

📡 Getting user info...
❌ Failed to get user info: 401
❌ Could not get user ID

🔎 ClickUp Comment Monitor - 2026-03-26 09:22:07 UTC
🔎 ClickUp Comment Monitor
⏰ 2026-03-26 09:22:07 UTC

📡 Getting user info...
❌ Failed to get user info: 401
❌ Could not get user ID

🔎 ClickUp Comment Monitor - 2026-03-26 09:32:08 UTC
🔎 ClickUp Comment Monitor
⏰ 2026-03-26 09:32:08 UTC

📡 Getting user info...
❌ Failed to get user info: 401
❌ Could not get user ID

🔎 ClickUp Comment Monitor - 2026-03-26 09:42:08 UTC
🔎 ClickUp Comment Monitor
⏰ 2026-03-26 09:42:08 UTC

📡 Getting user info...
❌ Failed to get user info: 401
❌ Could not get user ID

🔎 ClickUp Comment Monitor - 2026-03-26 09:52:09 UTC
🔎 ClickUp Comment Monitor
⏰ 2026-03-26 09:52:09 UTC

📡 Getting user info...
❌ Failed to get user info: 401
❌ Could not get user ID

🔎 ClickUp Comment Monitor - 2026-03-26 10:02:09 UTC
🔎 ClickUp Comment Monitor
⏰ 2026-03-26 10:02:09 UTC

📡 Getting user info...
❌ Failed to get user info: 401
❌ Could not get user ID

🔎 ClickUp Comment Monitor - 2026-03-26 10:12:10 UTC
🔎 ClickUp Comment Monitor
⏰ 2026-03-26 10:12:10 UTC

📡 Getting user info...
❌ Failed to get user info: 401
❌ Could not get user ID

🔎 ClickUp Comment Monitor - 2026-03-26 10:22:10 UTC
🔎 ClickUp Comment Monitor
⏰ 2026-03-26 10:22:10 UTC

📡 Getting user info...
❌ Failed to get user info: 401
❌ Could not get user ID

🔎 ClickUp Comment Monitor - 2026-03-26 10:32:11 UTC
🔎 ClickUp Comment Monitor
⏰ 2026-03-26 10:32:11 UTC

📡 Getting user info...
❌ Failed to get user info: 401
❌ Could not get user ID

🔎 ClickUp Comment Monitor - 2026-03-26 10:42:11 UTC
🔎 ClickUp Comment Monitor
⏰ 2026-03-26 10:42:11 UTC

📡 Getting user info...
❌ Failed to get user info: 401
❌ Could not get user ID

🔎 ClickUp Comment Monitor - 2026-03-26 10:52:12 UTC
🔎 ClickUp Comment Monitor
⏰ 2026-03-26 10:52:12 UTC

📡 Getting user info...
❌ Failed to get user info: 401
❌ Could not get user ID

🔎 ClickUp Comment Monitor - 2026-03-26 11:08:01 UTC
🔎 ClickUp Comment Monitor
⏰ 2026-03-26 11:08:01 UTC

📡 Getting user info...
❌ Failed to get user info: 401
❌ Could not get user ID

🔎 ClickUp Comment Monitor - 2026-03-26 11:18:02 UTC
🔎 ClickUp Comment Monitor
⏰ 2026-03-26 11:18:02 UTC

📡 Getting user info...
❌ Failed to get user info: 401
❌ Could not get user ID

🔎 ClickUp Comment Monitor - 2026-03-26 11:29:48 UTC
🔎 ClickUp Comment Monitor
⏰ 2026-03-26 11:29:49 UTC

📡 Getting user info...
❌ Failed to get user info: 401
❌ Could not get user ID

🔎 ClickUp Comment Monitor - 2026-03-26 11:39:49 UTC
🔎 ClickUp Comment Monitor
⏰ 2026-03-26 11:39:49 UTC

📡 Getting user info...
❌ Failed to get user info: 401
❌ Could not get user ID

🔎 ClickUp Comment Monitor - 2026-03-26 11:49:50 UTC
🔎 ClickUp Comment Monitor
⏰ 2026-03-26 11:49:50 UTC

📡 Getting user info...
❌ Failed to get user info: 401
❌ Could not get user ID

🔎 ClickUp Comment Monitor - 2026-03-26 11:59:50 UTC
🔎 ClickUp Comment Monitor
⏰ 2026-03-26 11:59:50 UTC

📡 Getting user info...
❌ Failed to get user info: 401
❌ Could not get user ID

🔎 ClickUp Comment Monitor - 2026-03-26 12:09:50 UTC
🔎 ClickUp Comment Monitor
⏰ 2026-03-26 12:09:51 UTC

📡 Getting user info...
❌ Failed to get user info: 401
❌ Could not get user ID

🔎 ClickUp Comment Monitor - 2026-03-26 12:19:51 UTC
🔎 ClickUp Comment Monitor
⏰ 2026-03-26 12:19:51 UTC

📡 Getting user info...
❌ Failed to get user info: 401
❌ Could not get user ID

🔎 ClickUp Comment Monitor - 2026-03-26 12:29:52 UTC
🔎 ClickUp Comment Monitor
⏰ 2026-03-26 12:29:52 UTC

📡 Getting user info...
❌ Failed to get user info: 401
❌ Could not get user ID

🔎 ClickUp Comment Monitor - 2026-03-26 12:39:52 UTC
🔎 ClickUp Comment Monitor
⏰ 2026-03-26 12:39:52 UTC

📡 Getting user info...
❌ Failed to get user info: 401
❌ Could not get user ID

🔎 ClickUp Comment Monitor - 2026-03-26 12:49:53 UTC
🔎 ClickUp Comment Monitor
⏰ 2026-03-26 12:49:53 UTC

📡 Getting user info...
❌ Failed to get user info: 401
❌ Could not get user ID

🔎 ClickUp Comment Monitor - 2026-03-26 12:59:53 UTC
🔎 ClickUp Comment Monitor
⏰ 2026-03-26 12:59:53 UTC

📡 Getting user info...
❌ Failed to get user info: 401
❌ Could not get user ID

🔎 ClickUp Comment Monitor - 2026-03-26 13:09:54 UTC
🔎 ClickUp Comment Monitor
⏰ 2026-03-26 13:09:54 UTC

📡 Getting user info...
❌ Failed to get user info: 401
❌ Could not get user ID

🔎 ClickUp Comment Monitor - 2026-03-26 13:19:54 UTC
🔎 ClickUp Comment Monitor
⏰ 2026-03-26 13:19:54 UTC

📡 Getting user info...
❌ Failed to get user info: 401
❌ Could not get user ID

🔎 ClickUp Comment Monitor - 2026-03-26 13:30:00 UTC
🔎 ClickUp Comment Monitor
⏰ 2026-03-26 13:30:00 UTC

📡 Getting user info...
❌ Failed to get user info: 401
❌ Could not get user ID

🔎 ClickUp Comment Monitor - 2026-03-26 14:32:21 UTC
🔎 ClickUp Comment Monitor
⏰ 2026-03-26 14:32:26 UTC

📡 Getting user info...
❌ Failed to get user info: 401
❌ Could not get user ID

🔎 ClickUp Comment Monitor - 2026-03-26 14:42:33 UTC
🔎 ClickUp Comment Monitor
⏰ 2026-03-26 14:42:33 UTC

📡 Getting user info...
❌ Failed to get user info: 401
❌ Could not get user ID

🔎 ClickUp Comment Monitor - 2026-03-26 14:52:34 UTC
🔎 ClickUp Comment Monitor
⏰ 2026-03-26 14:52:34 UTC

📡 Getting user info...
❌ Failed to get user info: 401
❌ Could not get user ID

🔎 ClickUp Comment Monitor - 2026-03-26 15:02:34 UTC
🔎 ClickUp Comment Monitor
⏰ 2026-03-26 15:02:34 UTC

📡 Getting user info...
❌ Failed to get user info: 401
❌ Could not get user ID

🔎 ClickUp Comment Monitor - 2026-03-26 15:12:35 UTC
🔎 ClickUp Comment Monitor
⏰ 2026-03-26 15:12:35 UTC

📡 Getting user info...
❌ Failed to get user info: 401
❌ Could not get user ID

🔎 ClickUp Comment Monitor - 2026-03-26 15:22:35 UTC
🔎 ClickUp Comment Monitor
⏰ 2026-03-26 15:22:35 UTC

📡 Getting user info...
❌ Failed to get user info: 401
❌ Could not get user ID

🔎 ClickUp Comment Monitor - 2026-03-26 15:38:27 UTC
🔎 ClickUp Comment Monitor
⏰ 2026-03-26 15:38:27 UTC

📡 Getting user info...
❌ Failed to get user info: 401
❌ Could not get user ID

🔎 ClickUp Comment Monitor - 2026-03-26 15:53:44 UTC
🔎 ClickUp Comment Monitor
⏰ 2026-03-26 15:53:44 UTC

📡 Getting user info...
❌ Failed to get user info: 401
❌ Could not get user ID

🔎 ClickUp Comment Monitor - 2026-03-26 16:03:44 UTC
🔎 ClickUp Comment Monitor
⏰ 2026-03-26 16:03:44 UTC

📡 Getting user info...
❌ Failed to get user info: 401
❌ Could not get user ID

🔎 ClickUp Comment Monitor - 2026-03-26 16:13:45 UTC
🔎 ClickUp Comment Monitor
⏰ 2026-03-26 16:13:45 UTC

📡 Getting user info...
❌ Failed to get user info: 401
❌ Could not get user ID

🔎 ClickUp Comment Monitor - 2026-03-26 16:23:46 UTC
🔎 ClickUp Comment Monitor
⏰ 2026-03-26 16:23:46 UTC

📡 Getting user info...
❌ Failed to get user info: 401
❌ Could not get user ID

🔎 ClickUp Comment Monitor - 2026-03-26 16:33:47 UTC
🔎 ClickUp Comment Monitor
⏰ 2026-03-26 16:33:50 UTC

📡 Getting user info...
❌ Failed to get user info: 401
❌ Could not get user ID

🔎 ClickUp Comment Monitor - 2026-03-26 16:43:50 UTC
🔎 ClickUp Comment Monitor
⏰ 2026-03-26 16:43:50 UTC

📡 Getting user info...
❌ Failed to get user info: 401
❌ Could not get user ID

🔎 ClickUp Comment Monitor - 2026-03-26 16:53:51 UTC
🔎 ClickUp Comment Monitor
⏰ 2026-03-26 16:53:51 UTC

📡 Getting user info...
❌ Failed to get user info: 401
❌ Could not get user ID

🔎 ClickUp Comment Monitor - 2026-03-26 17:03:51 UTC
🔎 ClickUp Comment Monitor
⏰ 2026-03-26 17:03:51 UTC

📡 Getting user info...
❌ Failed to get user info: 401
❌ Could not get user ID

🔎 ClickUp Comment Monitor - 2026-03-26 17:13:52 UTC
🔎 ClickUp Comment Monitor
⏰ 2026-03-26 17:13:52 UTC

📡 Getting user info...
❌ Failed to get user info: 401
❌ Could not get user ID

🔎 ClickUp Comment Monitor - 2026-03-26 17:23:52 UTC
🔎 ClickUp Comment Monitor
⏰ 2026-03-26 17:23:53 UTC

📡 Getting user info...
❌ Failed to get user info: 401
❌ Could not get user ID

🔎 ClickUp Comment Monitor - 2026-03-26 17:33:53 UTC
🔎 ClickUp Comment Monitor
⏰ 2026-03-26 17:33:53 UTC

📡 Getting user info...
❌ Failed to get user info: 401
❌ Could not get user ID

🔎 ClickUp Comment Monitor - 2026-03-26 17:43:53 UTC
🔎 ClickUp Comment Monitor
⏰ 2026-03-26 17:43:53 UTC

📡 Getting user info...
❌ Failed to get user info: 401
❌ Could not get user ID

🔎 ClickUp Comment Monitor - 2026-03-26 17:53:54 UTC
🔎 ClickUp Comment Monitor
⏰ 2026-03-26 17:53:55 UTC

📡 Getting user info...
❌ Failed to get user info: 401
❌ Could not get user ID

🔎 ClickUp Comment Monitor - 2026-03-26 18:03:55 UTC
🔎 ClickUp Comment Monitor
⏰ 2026-03-26 18:03:55 UTC

📡 Getting user info...
❌ Failed to get user info: 401
❌ Could not get user ID

🔎 ClickUp Comment Monitor - 2026-03-27 07:16:15 UTC
🔎 ClickUp Comment Monitor
⏰ 2026-03-27 07:16:23 UTC

📡 Getting user info...
❌ Failed to get user info: 401
❌ Could not get user ID

🔎 ClickUp Comment Monitor - 2026-03-27 07:26:24 UTC
🔎 ClickUp Comment Monitor
⏰ 2026-03-27 07:26:24 UTC

📡 Getting user info...
❌ Failed to get user info: 401
❌ Could not get user ID

🔎 ClickUp Comment Monitor - 2026-03-27 07:36:24 UTC
🔎 ClickUp Comment Monitor
⏰ 2026-03-27 07:36:24 UTC

📡 Getting user info...
❌ Failed to get user info: 401
❌ Could not get user ID

🔎 ClickUp Comment Monitor - 2026-03-27 07:46:25 UTC
🔎 ClickUp Comment Monitor
⏰ 2026-03-27 07:46:25 UTC

📡 Getting user info...
❌ Failed to get user info: 401
❌ Could not get user ID

🔎 ClickUp Comment Monitor - 2026-03-27 07:56:25 UTC
🔎 ClickUp Comment Monitor
⏰ 2026-03-27 07:56:25 UTC

📡 Getting user info...
❌ Failed to get user info: 401
❌ Could not get user ID

