🚀 Server starting on http://localhost:3000
 * Serving Flask app 'slack_bot_server'
 * Debug mode: off
/Users/user/Library/Python/3.9/lib/python/site-packages/google/auth/__init__.py:54: FutureWarning: You are using a Python version 3.9 past its end of life. Google will update google-auth with critical bug fixes on a best-effort basis, but not with any other fixes or features. Please upgrade your Python version, and then update google-auth.
  warnings.warn(eol_message.format("3.9"), FutureWarning)
/Users/user/Library/Python/3.9/lib/python/site-packages/google/oauth2/__init__.py:40: FutureWarning: You are using a Python version 3.9 past its end of life. Google will update google-auth with critical bug fixes on a best-effort basis, but not with any other fixes or features. Please upgrade your Python version, and then update google-auth.
  warnings.warn(eol_message.format("3.9"), FutureWarning)
/Users/user/Library/Python/3.9/lib/python/site-packages/urllib3/__init__.py:35: NotOpenSSLWarning: urllib3 v2 only supports OpenSSL 1.1.1+, currently the 'ssl' module is compiled with 'LibreSSL 2.8.3'. See: https://github.com/urllib3/urllib3/issues/3020
  warnings.warn(
🚀 Server starting on http://localhost:3000
 * Serving Flask app 'slack_bot_server'
 * Debug mode: off
[31m[1mWARNING: This is a development server. Do not use it in a production deployment. Use a production WSGI server instead.[0m
 * Running on http://127.0.0.1:3000
[33mPress CTRL+C to quit[0m
127.0.0.1 - - [19/Feb/2026 13:15:53] "POST /slack/command HTTP/1.1" 200 -
127.0.0.1 - - [19/Feb/2026 13:16:04] "[33mGET /health HTTP/1.1[0m" 404 -
127.0.0.1 - - [19/Feb/2026 13:16:10] "[33mGET /ping HTTP/1.1[0m" 404 -
127.0.0.1 - - [19/Feb/2026 13:17:43] "POST /slack/command HTTP/1.1" 200 -
/Users/user/Library/Python/3.9/lib/python/site-packages/google/auth/__init__.py:54: FutureWarning: You are using a Python version 3.9 past its end of life. Google will update google-auth with critical bug fixes on a best-effort basis, but not with any other fixes or features. Please upgrade your Python version, and then update google-auth.
  warnings.warn(eol_message.format("3.9"), FutureWarning)
/Users/user/Library/Python/3.9/lib/python/site-packages/google/oauth2/__init__.py:40: FutureWarning: You are using a Python version 3.9 past its end of life. Google will update google-auth with critical bug fixes on a best-effort basis, but not with any other fixes or features. Please upgrade your Python version, and then update google-auth.
  warnings.warn(eol_message.format("3.9"), FutureWarning)
/Users/user/Library/Python/3.9/lib/python/site-packages/urllib3/__init__.py:35: NotOpenSSLWarning: urllib3 v2 only supports OpenSSL 1.1.1+, currently the 'ssl' module is compiled with 'LibreSSL 2.8.3'. See: https://github.com/urllib3/urllib3/issues/3020
  warnings.warn(
🚀 Server starting on http://localhost:3000
 * Serving Flask app 'slack_bot_server'
 * Debug mode: off
[31m[1mWARNING: This is a development server. Do not use it in a production deployment. Use a production WSGI server instead.[0m
 * Running on http://127.0.0.1:3000
[33mPress CTRL+C to quit[0m
127.0.0.1 - - [19/Feb/2026 18:56:41] "POST /slack/command HTTP/1.1" 200 -
127.0.0.1 - - [19/Feb/2026 19:02:57] "POST /slack/command HTTP/1.1" 200 -
🚀 Server starting on http://localhost:3000
 * Serving Flask app 'slack_bot_server'
 * Debug mode: off
🚀 Server starting on http://localhost:3000
 * Serving Flask app 'slack_bot_server'
 * Debug mode: off
🚀 Server starting on http://localhost:3000
 * Serving Flask app 'slack_bot_server'
 * Debug mode: off
🚀 Server starting on http://localhost:3000
 * Serving Flask app 'slack_bot_server'
 * Debug mode: off
🚀 Server starting on http://localhost:3000
 * Serving Flask app 'slack_bot_server'
 * Debug mode: off
🚀 Server starting on http://localhost:3000
 * Serving Flask app 'slack_bot_server'
 * Debug mode: off
🚀 Server starting on http://localhost:3000
 * Serving Flask app 'slack_bot_server'
 * Debug mode: off
🚀 Server starting on http://localhost:3000
 * Serving Flask app 'slack_bot_server'
 * Debug mode: off
🚀 Server starting on http://localhost:3000
 * Serving Flask app 'slack_bot_server'
 * Debug mode: off
🚀 Server starting on http://localhost:3000
 * Serving Flask app 'slack_bot_server'
 * Debug mode: off
🚀 Server starting on http://localhost:3000
 * Serving Flask app 'slack_bot_server'
 * Debug mode: off
🚀 Server starting on http://localhost:3000
 * Serving Flask app 'slack_bot_server'
 * Debug mode: off
